Logfile initialized
[INFO] logfile = /media/lazygyu/9A660F9C660F77F1/work/dev/FinishIt/build.log
[DEBUG] /home/lazygyu/.titanium/mobilesdk/linux/3.0.0.GA/android/builder.py install FinishIt /home/lazygyu/dev/adt-bundle-linux-x86_64/sdk /media/lazygyu/9A660F9C660F77F1/work/dev/FinishIt com.lazygyu.finishit 10  
[INFO] Titanium SDK version: 3.0.0 (12/12/12 18:49 a5894b3)
[DEBUG] Waiting for device to be ready ...
[TRACE] adb devices returned 1 devices/emulators
[DEBUG] Device connected... (waited 0 seconds)
[DEBUG] waited 0.003902 seconds on emulator to get ready
[DEBUG] com.lazygyu.finishit installed? False
[INFO] Copying CommonJS modules...
[INFO] Copying project resources..
[TRACE] COPYING MODIFIED FILE: /media/lazygyu/9A660F9C660F77F1/work/dev/FinishIt/Resources/app.js => /media/lazygyu/9A660F9C660F77F1/work/dev/FinishIt/build/android/bin/assets/Resources/app.js
[TRACE] Generating Java Classes
[DEBUG] Processing Android resource drawables
[DEBUG] copying app icon: /media/lazygyu/9A660F9C660F77F1/work/dev/FinishIt/build/android/bin/assets/Resources/appicon.png
[DEBUG] generating theme.xml
[DEBUG] found drawable-long-land-hdpi splash screen at /media/lazygyu/9A660F9C660F77F1/work/dev/FinishIt/Resources/android/images/res-long-land-hdpi/default.png
[DEBUG] copying /media/lazygyu/9A660F9C660F77F1/work/dev/FinishIt/Resources/android/images/res-long-land-hdpi/default.png splash screen to /media/lazygyu/9A660F9C660F77F1/work/dev/FinishIt/build/android/res/drawable-long-land-hdpi/background.png
[DEBUG] found drawable-long-land-ldpi splash screen at /media/lazygyu/9A660F9C660F77F1/work/dev/FinishIt/Resources/android/images/res-long-land-ldpi/default.png
[DEBUG] copying /media/lazygyu/9A660F9C660F77F1/work/dev/FinishIt/Resources/android/images/res-long-land-ldpi/default.png splash screen to /media/lazygyu/9A660F9C660F77F1/work/dev/FinishIt/build/android/res/drawable-long-land-ldpi/background.png
[DEBUG] found drawable-long-port-hdpi splash screen at /media/lazygyu/9A660F9C660F77F1/work/dev/FinishIt/Resources/android/images/res-long-port-hdpi/default.png
[DEBUG] copying /media/lazygyu/9A660F9C660F77F1/work/dev/FinishIt/Resources/android/images/res-long-port-hdpi/default.png splash screen to /media/lazygyu/9A660F9C660F77F1/work/dev/FinishIt/build/android/res/drawable-long-port-hdpi/background.png
[DEBUG] found drawable-long-port-ldpi splash screen at /media/lazygyu/9A660F9C660F77F1/work/dev/FinishIt/Resources/android/images/res-long-port-ldpi/default.png
[DEBUG] copying /media/lazygyu/9A660F9C660F77F1/work/dev/FinishIt/Resources/android/images/res-long-port-ldpi/default.png splash screen to /media/lazygyu/9A660F9C660F77F1/work/dev/FinishIt/build/android/res/drawable-long-port-ldpi/background.png
[DEBUG] found drawable-notlong-land-hdpi splash screen at /media/lazygyu/9A660F9C660F77F1/work/dev/FinishIt/Resources/android/images/res-notlong-land-hdpi/default.png
[DEBUG] copying /media/lazygyu/9A660F9C660F77F1/work/dev/FinishIt/Resources/android/images/res-notlong-land-hdpi/default.png splash screen to /media/lazygyu/9A660F9C660F77F1/work/dev/FinishIt/build/android/res/drawable-notlong-land-hdpi/background.png
[DEBUG] found drawable-notlong-land-ldpi splash screen at /media/lazygyu/9A660F9C660F77F1/work/dev/FinishIt/Resources/android/images/res-notlong-land-ldpi/default.png
[DEBUG] copying /media/lazygyu/9A660F9C660F77F1/work/dev/FinishIt/Resources/android/images/res-notlong-land-ldpi/default.png splash screen to /media/lazygyu/9A660F9C660F77F1/work/dev/FinishIt/build/android/res/drawable-notlong-land-ldpi/background.png
[DEBUG] found drawable-notlong-land-mdpi splash screen at /media/lazygyu/9A660F9C660F77F1/work/dev/FinishIt/Resources/android/images/res-notlong-land-mdpi/default.png
[DEBUG] copying /media/lazygyu/9A660F9C660F77F1/work/dev/FinishIt/Resources/android/images/res-notlong-land-mdpi/default.png splash screen to /media/lazygyu/9A660F9C660F77F1/work/dev/FinishIt/build/android/res/drawable-notlong-land-mdpi/background.png
[DEBUG] found drawable-notlong-port-hdpi splash screen at /media/lazygyu/9A660F9C660F77F1/work/dev/FinishIt/Resources/android/images/res-notlong-port-hdpi/default.png
[DEBUG] copying /media/lazygyu/9A660F9C660F77F1/work/dev/FinishIt/Resources/android/images/res-notlong-port-hdpi/default.png splash screen to /media/lazygyu/9A660F9C660F77F1/work/dev/FinishIt/build/android/res/drawable-notlong-port-hdpi/background.png
[DEBUG] found drawable-notlong-port-ldpi splash screen at /media/lazygyu/9A660F9C660F77F1/work/dev/FinishIt/Resources/android/images/res-notlong-port-ldpi/default.png
[DEBUG] copying /media/lazygyu/9A660F9C660F77F1/work/dev/FinishIt/Resources/android/images/res-notlong-port-ldpi/default.png splash screen to /media/lazygyu/9A660F9C660F77F1/work/dev/FinishIt/build/android/res/drawable-notlong-port-ldpi/background.png
[DEBUG] found drawable-notlong-port-mdpi splash screen at /media/lazygyu/9A660F9C660F77F1/work/dev/FinishIt/Resources/android/images/res-notlong-port-mdpi/default.png
[DEBUG] copying /media/lazygyu/9A660F9C660F77F1/work/dev/FinishIt/Resources/android/images/res-notlong-port-mdpi/default.png splash screen to /media/lazygyu/9A660F9C660F77F1/work/dev/FinishIt/build/android/res/drawable-notlong-port-mdpi/background.png
[DEBUG] found splash screen at /media/lazygyu/9A660F9C660F77F1/work/dev/FinishIt/build/android/bin/assets/Resources/default.png
[TRACE] Writing out AndroidManifest.xml
[DEBUG] adding /media/lazygyu/9A660F9C660F77F1/work/dev/FinishIt/build/android/gen/com/lazygyu/finishit/FinishitActivity.java to javac build list
[DEBUG] adding /media/lazygyu/9A660F9C660F77F1/work/dev/FinishIt/build/android/gen/com/lazygyu/finishit/FinishitAppInfo.java to javac build list
[DEBUG] adding /media/lazygyu/9A660F9C660F77F1/work/dev/FinishIt/build/android/gen/com/lazygyu/finishit/FinishitApplication.java to javac build list
[DEBUG] adding /media/lazygyu/9A660F9C660F77F1/work/dev/FinishIt/build/android/gen/com/lazygyu/finishit/R.java to javac build list
[DEBUG] Building Java Sources: "/media/lazygyu/9A660F9C660F77F1/work/dev/FinishIt/build/android/gen/com/lazygyu/finishit/FinishitActivity.java" "/media/lazygyu/9A660F9C660F77F1/work/dev/FinishIt/build/android/gen/com/lazygyu/finishit/FinishitAppInfo.java" "/media/lazygyu/9A660F9C660F77F1/work/dev/FinishIt/build/android/gen/com/lazygyu/finishit/FinishitApplication.java" "/media/lazygyu/9A660F9C660F77F1/work/dev/FinishIt/build/android/gen/com/lazygyu/finishit/R.java"
[INFO] Compiling Android Resources... This could take some time
[DEBUG] Android classes.dex built
[DEBUG] creating unsigned apk: /media/lazygyu/9A660F9C660F77F1/work/dev/FinishIt/build/android/bin/app-unsigned.apk
[DEBUG] from resource zip => assets/Resources/KS_nav_ui.png
[DEBUG] from resource zip => assets/Resources/KS_nav_views.png
[DEBUG] from resource zip => assets/Resources/app.js
[DEBUG] from resource zip => assets/Resources/appicon.png
[DEBUG] from resource zip => assets/Resources/board.js
[DEBUG] from resource zip => assets/Resources/default.png
[DEBUG] from resource zip => assets/Resources/ti.cloud.js
[DEBUG] from resource zip => assets/Resources/user.js
[DEBUG] from resource zip => assets/app.json
[DEBUG] from resource zip => assets/index.json
[DEBUG] from resource zip => assets/tiapp.xml
[DEBUG] from resource zip => res/drawable/appicon.png
[DEBUG] from resource zip => res/drawable/background.png
[DEBUG] from resource zip => res/layout/titanium_tabgroup.xml
[DEBUG] from resource zip => AndroidManifest.xml
[DEBUG] from resource zip => resources.arsc
[DEBUG] from resource zip => res/drawable-long-land-hdpi/background.png
[DEBUG] from resource zip => res/drawable-long-land-ldpi/background.png
[DEBUG] from resource zip => res/drawable-long-port-hdpi/background.png
[DEBUG] from resource zip => res/drawable-long-port-ldpi/background.png
[DEBUG] from resource zip => res/drawable-notlong-land-hdpi/background.png
[DEBUG] from resource zip => res/drawable-notlong-land-ldpi/background.png
[DEBUG] from resource zip => res/drawable-notlong-land-mdpi/background.png
[DEBUG] from resource zip => res/drawable-notlong-port-hdpi/background.png
[DEBUG] from resource zip => res/drawable-notlong-port-ldpi/background.png
[DEBUG] from resource zip => res/drawable-notlong-port-mdpi/background.png
[DEBUG] from JAR /home/lazygyu/.titanium/mobilesdk/linux/3.0.0.GA/android/titanium.jar => org/appcelerator/titanium/build.properties
[DEBUG] from JAR /home/lazygyu/.titanium/mobilesdk/linux/3.0.0.GA/android/titanium.jar => org/appcelerator/titanium/res/drawable/background.png
[DEBUG] from JAR /home/lazygyu/.titanium/mobilesdk/linux/3.0.0.GA/android/titanium.jar => org/appcelerator/titanium/res/drawable/btn_check_buttonless_on.png
[DEBUG] from JAR /home/lazygyu/.titanium/mobilesdk/linux/3.0.0.GA/android/titanium.jar => org/appcelerator/titanium/res/drawable/btn_check_buttonless_on_18.png
[DEBUG] from JAR /home/lazygyu/.titanium/mobilesdk/linux/3.0.0.GA/android/titanium.jar => org/appcelerator/titanium/res/drawable/btn_check_buttonless_on_48.png
[DEBUG] from JAR /home/lazygyu/.titanium/mobilesdk/linux/3.0.0.GA/android/titanium.jar => org/appcelerator/titanium/res/drawable/btn_check_buttonless_on_64.png
[DEBUG] from JAR /home/lazygyu/.titanium/mobilesdk/linux/3.0.0.GA/android/titanium.jar => org/appcelerator/titanium/res/drawable/btn_more.png
[DEBUG] from JAR /home/lazygyu/.titanium/mobilesdk/linux/3.0.0.GA/android/titanium.jar => org/appcelerator/titanium/res/drawable/btn_more_18.png
[DEBUG] from JAR /home/lazygyu/.titanium/mobilesdk/linux/3.0.0.GA/android/titanium.jar => org/appcelerator/titanium/res/drawable/btn_more_48.png
[DEBUG] from JAR /home/lazygyu/.titanium/mobilesdk/linux/3.0.0.GA/android/titanium.jar => org/appcelerator/titanium/res/drawable/btn_more_64.png
[DEBUG] from JAR /home/lazygyu/.titanium/mobilesdk/linux/3.0.0.GA/android/titanium.jar => org/appcelerator/titanium/res/drawable/btn_picker_normal.9.png
[DEBUG] from JAR /home/lazygyu/.titanium/mobilesdk/linux/3.0.0.GA/android/titanium.jar => org/appcelerator/titanium/res/drawable/btn_picker_pressed.9.png
[DEBUG] from JAR /home/lazygyu/.titanium/mobilesdk/linux/3.0.0.GA/android/titanium.jar => org/appcelerator/titanium/res/drawable/btn_picker_selected.9.png
[DEBUG] from JAR /home/lazygyu/.titanium/mobilesdk/linux/3.0.0.GA/android/titanium.jar => org/appcelerator/titanium/res/drawable/default_icon.png
[DEBUG] from JAR /home/lazygyu/.titanium/mobilesdk/linux/3.0.0.GA/android/titanium.jar => org/appcelerator/titanium/res/drawable/photoDefault.png
[DEBUG] from JAR /home/lazygyu/.titanium/mobilesdk/linux/3.0.0.GA/android/modules/titanium-ui.jar => ti/modules/titanium/ui/widget/webview/binding.js
[DEBUG] from JAR /home/lazygyu/.titanium/mobilesdk/linux/3.0.0.GA/android/modules/titanium-ui.jar => ti/modules/titanium/ui/widget/webview/binding.min.js
[DEBUG] from JAR /home/lazygyu/.titanium/mobilesdk/linux/3.0.0.GA/android/modules/titanium-ui.jar => ti/modules/titanium/ui/widget/webview/json2.js
[DEBUG] from JAR /home/lazygyu/.titanium/mobilesdk/linux/3.0.0.GA/android/modules/titanium-ui.jar => ti/modules/titanium/ui/widget/webview/polling.js
[DEBUG] from JAR /home/lazygyu/.titanium/mobilesdk/linux/3.0.0.GA/android/modules/titanium-ui.jar => ti/modules/titanium/ui/widget/webview/polling.min.js
[DEBUG] from JAR /home/lazygyu/.titanium/mobilesdk/linux/3.0.0.GA/android/thirdparty.jar => org/apache/Commons-NOTICE.txt
[DEBUG] from JAR /home/lazygyu/.titanium/mobilesdk/linux/3.0.0.GA/android/thirdparty.jar => org/apache/HttpComponents-NOTICE.txt
[DEBUG] from JAR /home/lazygyu/.titanium/mobilesdk/linux/3.0.0.GA/android/thirdparty.jar => org/apache/mime4j-NOTICE.txt
[DEBUG] installing native SDK libs
[DEBUG] Waiting for device to be ready ...
[TRACE] adb devices returned 1 devices/emulators
[DEBUG] Device connected... (waited 0 seconds)
[DEBUG] waited 0.009070 seconds on emulator to get ready
[INFO] Installing application on device
[INFO] Application installed. Launch from drawer on Home Screen
